<?xml version="1.0" encoding="UTF-8"?>
<!-- Generated by org.testng.reporters.JUnitReportReporter -->
<testsuite skipped="6" hostname="LAPTOP-CNNSTU0S" name="Ijmeet_pages.SignInPage" tests="7" failures="0" timestamp="22 Sep 2020 16:34:51 GMT" time="37.144" errors="0">
  <testcase name="passwordplaceholder" time="37.144" classname="Ijmeet_pages.SignInPage"/>
  <testcase name="emailplaceholder" classname="Ijmeet_pages.SignInPage">
    <skipped/>
  </testcase> <!-- emailplaceholder -->
  <testcase name="EmailTc_three" classname="Ijmeet_pages.SignInPage">
    <skipped/>
  </testcase> <!-- EmailTc_three -->
  <testcase name="EmailTc_one" classname="Ijmeet_pages.SignInPage">
    <skipped/>
  </testcase> <!-- EmailTc_one -->
  <testcase name="isDisplayedlogo" classname="Ijmeet_pages.SignInPage">
    <skipped/>
  </testcase> <!-- isDisplayedlogo -->
  <testcase name="getUrl" classname="Ijmeet_pages.SignInPage">
    <skipped/>
  </testcase> <!-- getUrl -->
  <testcase name="EmailTc_two" classname="Ijmeet_pages.SignInPage">
    <skipped/>
  </testcase> <!-- EmailTc_two -->
</testsuite> <!-- Ijmeet_pages.SignInPage -->
