<?xml version="1.0" encoding="UTF-8"?>
<!-- Generated by org.testng.reporters.JUnitReportReporter -->
<testsuite skipped="31" hostname="LAPTOP-CNNSTU0S" name="autmateclasses.ijmeetAuto" tests="32" failures="0" timestamp="11 Sep 2020 19:16:26 GMT" time="37.274" errors="0">
  <testcase name="helpsupportlinksclick" time="37.274" classname="autmateclasses.ijmeetAuto"/>
  <testcase name="JoinMeetclickable" classname="autmateclasses.ijmeetAuto">
    <skipped/>
  </testcase> <!-- JoinMeetclickable -->
  <testcase name="helpsupportlinksDisp" classname="autmateclasses.ijmeetAuto">
    <skipped/>
  </testcase> <!-- helpsupportlinksDisp -->
  <testcase name="JoinMeetdis" classname="autmateclasses.ijmeetAuto">
    <skipped/>
  </testcase> <!-- JoinMeetdis -->
  <testcase name="windowsdisp" classname="autmateclasses.ijmeetAuto">
    <skipped/>
  </testcase> <!-- windowsdisp -->
  <testcase name="Ijmeetlogo" classname="autmateclasses.ijmeetAuto">
    <skipped/>
  </testcase> <!-- Ijmeetlogo -->
  <testcase name="windowsclick" classname="autmateclasses.ijmeetAuto">
    <skipped/>
  </testcase> <!-- windowsclick -->
  <testcase name="Hostmeetclick" classname="autmateclasses.ijmeetAuto">
    <skipped/>
  </testcase> <!-- Hostmeetclick -->
  <testcase name="Contactsalesdsip" classname="autmateclasses.ijmeetAuto">
    <skipped/>
  </testcase> <!-- Contactsalesdsip -->
  <testcase name="IfrtCollaborationdisp" classname="autmateclasses.ijmeetAuto">
    <skipped/>
  </testcase> <!-- IfrtCollaborationdisp -->
  <testcase name="helpandsupportDisp" classname="autmateclasses.ijmeetAuto">
    <skipped/>
  </testcase> <!-- helpandsupportDisp -->
  <testcase name="Trustedbiatwdisp" classname="autmateclasses.ijmeetAuto">
    <skipped/>
  </testcase> <!-- Trustedbiatwdisp -->
  <testcase name="imgArabicdis" classname="autmateclasses.ijmeetAuto">
    <skipped/>
  </testcase> <!-- imgArabicdis -->
  <testcase name="androidiconclick" classname="autmateclasses.ijmeetAuto">
    <skipped/>
  </testcase> <!-- androidiconclick -->
  <testcase name="iosdisplay" classname="autmateclasses.ijmeetAuto">
    <skipped/>
  </testcase> <!-- iosdisplay -->
  <testcase name="androidicondisp" classname="autmateclasses.ijmeetAuto">
    <skipped/>
  </testcase> <!-- androidicondisp -->
  <testcase name="Hostmeetmouseover" classname="autmateclasses.ijmeetAuto">
    <skipped/>
  </testcase> <!-- Hostmeetmouseover -->
  <testcase name="Trustedslides" classname="autmateclasses.ijmeetAuto">
    <skipped/>
  </testcase> <!-- Trustedslides -->
  <testcase name="imgArabicclick" classname="autmateclasses.ijmeetAuto">
    <skipped/>
  </testcase> <!-- imgArabicclick -->
  <testcase name="addressdisp" classname="autmateclasses.ijmeetAuto">
    <skipped/>
  </testcase> <!-- addressdisp -->
  <testcase name="videocondisp" classname="autmateclasses.ijmeetAuto">
    <skipped/>
  </testcase> <!-- videocondisp -->
  <testcase name="SignUpclick" classname="autmateclasses.ijmeetAuto">
    <skipped/>
  </testcase> <!-- SignUpclick -->
  <testcase name="iosclick" classname="autmateclasses.ijmeetAuto">
    <skipped/>
  </testcase> <!-- iosclick -->
  <testcase name="SignInclick" classname="autmateclasses.ijmeetAuto">
    <skipped/>
  </testcase> <!-- SignInclick -->
  <testcase name="SignUpdisp" classname="autmateclasses.ijmeetAuto">
    <skipped/>
  </testcase> <!-- SignUpdisp -->
  <testcase name="Chatmsgdisp" classname="autmateclasses.ijmeetAuto">
    <skipped/>
  </testcase> <!-- Chatmsgdisp -->
  <testcase name="Hostmeetdisp" classname="autmateclasses.ijmeetAuto">
    <skipped/>
  </testcase> <!-- Hostmeetdisp -->
  <testcase name="SignIndisp" classname="autmateclasses.ijmeetAuto">
    <skipped/>
  </testcase> <!-- SignIndisp -->
  <testcase name="linksdisplayed" classname="autmateclasses.ijmeetAuto">
    <skipped/>
  </testcase> <!-- linksdisplayed -->
  <testcase name="Contactsalesclick" classname="autmateclasses.ijmeetAuto">
    <skipped/>
  </testcase> <!-- Contactsalesclick -->
  <testcase name="langengimgdisp" classname="autmateclasses.ijmeetAuto">
    <skipped/>
  </testcase> <!-- langengimgdisp -->
  <testcase name="JoinMeethighlight" classname="autmateclasses.ijmeetAuto">
    <skipped/>
  </testcase> <!-- JoinMeethighlight -->
</testsuite> <!-- autmateclasses.ijmeetAuto -->
